[DEBUG] 2024-12-19 22:32:12.020 [main] PackageRelationshipCollection - Parsing relationship: /xl/_rels/workbook.xml.rels
[DEBUG] 2024-12-19 22:32:12.027 [main] PackageRelationshipCollection - Parsing relationship: /_rels/.rels
[DEBUG] 2024-12-19 22:32:12.482 [main] PackageRelationshipCollection - Parsing relationship: /xl/_rels/workbook.xml.rels
[DEBUG] 2024-12-19 22:32:12.483 [main] PackageRelationshipCollection - Parsing relationship: /_rels/.rels
[DEBUG] 2024-12-19 22:44:15.794 [main] PackageRelationshipCollection - Parsing relationship: /xl/_rels/workbook.xml.rels
[DEBUG] 2024-12-19 22:44:15.800 [main] PackageRelationshipCollection - Parsing relationship: /_rels/.rels
[DEBUG] 2024-12-19 22:44:16.321 [main] PackageRelationshipCollection - Parsing relationship: /xl/_rels/workbook.xml.rels
[DEBUG] 2024-12-19 22:44:16.322 [main] PackageRelationshipCollection - Parsing relationship: /_rels/.rels
[DEBUG] 2024-12-19 23:57:10.765 [main] PackageRelationshipCollection - Parsing relationship: /xl/_rels/workbook.xml.rels
[DEBUG] 2024-12-19 23:57:10.771 [main] PackageRelationshipCollection - Parsing relationship: /_rels/.rels
[INFO ] 2024-12-19 23:58:00.247 [main] TestPincode - opened homepage
[INFO ] 2024-12-19 23:58:01.244 [main] TestPincode - opened customer care page
[DEBUG] 2024-12-19 23:58:17.993 [main] PackageRelationshipCollection - Parsing relationship: /xl/_rels/workbook.xml.rels
[DEBUG] 2024-12-19 23:58:17.998 [main] PackageRelationshipCollection - Parsing relationship: /_rels/.rels
[DEBUG] 2024-12-19 23:58:59.781 [main] PackageRelationshipCollection - Parsing relationship: /xl/_rels/workbook.xml.rels
[DEBUG] 2024-12-19 23:58:59.786 [main] PackageRelationshipCollection - Parsing relationship: /_rels/.rels
[DEBUG] 2024-12-19 23:59:50.196 [main] PackageRelationshipCollection - Parsing relationship: /xl/_rels/workbook.xml.rels
[DEBUG] 2024-12-19 23:59:50.202 [main] PackageRelationshipCollection - Parsing relationship: /_rels/.rels
[DEBUG] 2024-12-20 00:00:09.973 [main] PackageRelationshipCollection - Parsing relationship: /xl/_rels/workbook.xml.rels
[DEBUG] 2024-12-20 00:00:09.977 [main] PackageRelationshipCollection - Parsing relationship: /_rels/.rels
[INFO ] 2024-12-20 00:00:38.563 [main] TestPincode - opened homepage
[INFO ] 2024-12-20 00:00:40.064 [main] TestPincode - opened notification page
[DEBUG] 2024-12-20 00:01:04.693 [main] PackageRelationshipCollection - Parsing relationship: /xl/_rels/workbook.xml.rels
[DEBUG] 2024-12-20 00:01:04.697 [main] PackageRelationshipCollection - Parsing relationship: /_rels/.rels
[INFO ] 2024-12-20 00:01:07.095 [main] TestPincode - item filled in search
[INFO ] 2024-12-20 00:01:07.286 [main] TestPincode - search results page opened
[INFO ] 2024-12-20 00:01:11.606 [main] TestPincode - filling pincode:110017
[DEBUG] 2024-12-20 00:01:45.064 [main] PackageRelationshipCollection - Parsing relationship: /xl/_rels/workbook.xml.rels
[DEBUG] 2024-12-20 00:01:45.068 [main] PackageRelationshipCollection - Parsing relationship: /_rels/.rels
[DEBUG] 2024-12-20 00:02:05.897 [main] PackageRelationshipCollection - Parsing relationship: /xl/_rels/workbook.xml.rels
[DEBUG] 2024-12-20 00:02:05.902 [main] PackageRelationshipCollection - Parsing relationship: /_rels/.rels
[DEBUG] 2024-12-20 00:02:26.619 [main] PackageRelationshipCollection - Parsing relationship: /xl/_rels/workbook.xml.rels
[DEBUG] 2024-12-20 00:02:26.624 [main] PackageRelationshipCollection - Parsing relationship: /_rels/.rels
[DEBUG] 2024-12-20 00:02:55.209 [main] PackageRelationshipCollection - Parsing relationship: /xl/_rels/workbook.xml.rels
[DEBUG] 2024-12-20 00:02:55.213 [main] PackageRelationshipCollection - Parsing relationship: /_rels/.rels
[DEBUG] 2024-12-20 00:03:29.365 [main] PackageRelationshipCollection - Parsing relationship: /xl/_rels/workbook.xml.rels
[DEBUG] 2024-12-20 00:03:29.369 [main] PackageRelationshipCollection - Parsing relationship: /_rels/.rels
[DEBUG] 2024-12-20 14:34:04.523 [main] PackageRelationshipCollection - Parsing relationship: /xl/_rels/workbook.xml.rels
[DEBUG] 2024-12-20 14:34:04.539 [main] PackageRelationshipCollection - Parsing relationship: /_rels/.rels
[DEBUG] 2024-12-20 14:35:15.942 [main] PackageRelationshipCollection - Parsing relationship: /xl/_rels/workbook.xml.rels
[DEBUG] 2024-12-20 14:35:15.956 [main] PackageRelationshipCollection - Parsing relationship: /_rels/.rels
[DEBUG] 2024-12-20 15:36:52.572 [main] PackageRelationshipCollection - Parsing relationship: /xl/_rels/workbook.xml.rels
[DEBUG] 2024-12-20 15:36:52.572 [main] PackageRelationshipCollection - Parsing relationship: /_rels/.rels
[DEBUG] 2024-12-20 15:37:18.855 [main] PackageRelationshipCollection - Parsing relationship: /xl/_rels/workbook.xml.rels
[DEBUG] 2024-12-20 15:37:18.860 [main] PackageRelationshipCollection - Parsing relationship: /_rels/.rels
[DEBUG] 2024-12-20 15:37:44.723 [main] PackageRelationshipCollection - Parsing relationship: /xl/_rels/workbook.xml.rels
[DEBUG] 2024-12-20 15:37:44.729 [main] PackageRelationshipCollection - Parsing relationship: /_rels/.rels
[DEBUG] 2024-12-20 15:39:24.628 [main] PackageRelationshipCollection - Parsing relationship: /xl/_rels/workbook.xml.rels
[DEBUG] 2024-12-20 15:39:24.633 [main] PackageRelationshipCollection - Parsing relationship: /_rels/.rels
[DEBUG] 2024-12-20 15:42:12.629 [main] PackageRelationshipCollection - Parsing relationship: /xl/_rels/workbook.xml.rels
[DEBUG] 2024-12-20 15:42:12.633 [main] PackageRelationshipCollection - Parsing relationship: /_rels/.rels
[DEBUG] 2024-12-20 16:28:51.816 [main] PackageRelationshipCollection - Parsing relationship: /xl/_rels/workbook.xml.rels
[DEBUG] 2024-12-20 16:28:51.830 [main] PackageRelationshipCollection - Parsing relationship: /_rels/.rels
[INFO ] 2024-12-20 16:31:29.616 [main] TestPincode - opened homepage
[INFO ] 2024-12-20 16:31:31.517 [main] TestPincode - opened customer care page
[DEBUG] 2024-12-20 16:31:56.789 [main] PackageRelationshipCollection - Parsing relationship: /xl/_rels/workbook.xml.rels
[DEBUG] 2024-12-20 16:31:56.803 [main] PackageRelationshipCollection - Parsing relationship: /_rels/.rels
[DEBUG] 2024-12-20 16:41:00.050 [main] PackageRelationshipCollection - Parsing relationship: /xl/_rels/workbook.xml.rels
[DEBUG] 2024-12-20 16:41:00.063 [main] PackageRelationshipCollection - Parsing relationship: /_rels/.rels
[DEBUG] 2024-12-20 16:50:28.430 [main] PackageRelationshipCollection - Parsing relationship: /xl/_rels/workbook.xml.rels
[DEBUG] 2024-12-20 16:50:28.438 [main] PackageRelationshipCollection - Parsing relationship: /_rels/.rels
[DEBUG] 2024-12-20 16:52:21.066 [main] PackageRelationshipCollection - Parsing relationship: /xl/_rels/workbook.xml.rels
[DEBUG] 2024-12-20 16:52:21.073 [main] PackageRelationshipCollection - Parsing relationship: /_rels/.rels
[DEBUG] 2024-12-20 16:57:38.367 [main] PackageRelationshipCollection - Parsing relationship: /xl/_rels/workbook.xml.rels
[DEBUG] 2024-12-20 16:57:38.371 [main] PackageRelationshipCollection - Parsing relationship: /_rels/.rels
[DEBUG] 2024-12-20 16:59:48.678 [main] PackageRelationshipCollection - Parsing relationship: /xl/_rels/workbook.xml.rels
[DEBUG] 2024-12-20 16:59:48.690 [main] PackageRelationshipCollection - Parsing relationship: /_rels/.rels
[DEBUG] 2024-12-20 17:02:16.911 [main] PackageRelationshipCollection - Parsing relationship: /xl/_rels/workbook.xml.rels
[DEBUG] 2024-12-20 17:02:16.927 [main] PackageRelationshipCollection - Parsing relationship: /_rels/.rels
[DEBUG] 2024-12-20 17:02:48.220 [main] PackageRelationshipCollection - Parsing relationship: /xl/_rels/workbook.xml.rels
[DEBUG] 2024-12-20 17:02:48.226 [main] PackageRelationshipCollection - Parsing relationship: /_rels/.rels
[DEBUG] 2024-12-20 17:08:26.584 [main] PackageRelationshipCollection - Parsing relationship: /xl/_rels/workbook.xml.rels
[DEBUG] 2024-12-20 17:08:26.595 [main] PackageRelationshipCollection - Parsing relationship: /_rels/.rels
[DEBUG] 2024-12-20 17:22:48.489 [main] PackageRelationshipCollection - Parsing relationship: /xl/_rels/workbook.xml.rels
[DEBUG] 2024-12-20 17:22:48.506 [main] PackageRelationshipCollection - Parsing relationship: /_rels/.rels
[DEBUG] 2024-12-20 17:23:23.590 [main] PackageRelationshipCollection - Parsing relationship: /xl/_rels/workbook.xml.rels
[DEBUG] 2024-12-20 17:23:23.594 [main] PackageRelationshipCollection - Parsing relationship: /_rels/.rels
[DEBUG] 2024-12-20 17:24:01.499 [main] PackageRelationshipCollection - Parsing relationship: /xl/_rels/workbook.xml.rels
[DEBUG] 2024-12-20 17:24:01.504 [main] PackageRelationshipCollection - Parsing relationship: /_rels/.rels
[DEBUG] 2024-12-20 17:24:38.828 [main] PackageRelationshipCollection - Parsing relationship: /xl/_rels/workbook.xml.rels
[DEBUG] 2024-12-20 17:24:38.842 [main] PackageRelationshipCollection - Parsing relationship: /_rels/.rels
[DEBUG] 2024-12-20 17:29:20.232 [main] PackageRelationshipCollection - Parsing relationship: /xl/_rels/workbook.xml.rels
[DEBUG] 2024-12-20 17:29:20.236 [main] PackageRelationshipCollection - Parsing relationship: /_rels/.rels
[DEBUG] 2024-12-20 17:33:36.056 [main] PackageRelationshipCollection - Parsing relationship: /xl/_rels/workbook.xml.rels
[DEBUG] 2024-12-20 17:33:36.066 [main] PackageRelationshipCollection - Parsing relationship: /_rels/.rels
[INFO ] 2024-12-22 15:03:32.934 [main] TestPincode - opened homepage
[INFO ] 2024-12-22 15:03:39.110 [main] TestPincode - opened notification page
[DEBUG] 2024-12-22 15:09:16.178 [main] PackageRelationshipCollection - Parsing relationship: /xl/_rels/workbook.xml.rels
[DEBUG] 2024-12-22 15:09:16.184 [main] PackageRelationshipCollection - Parsing relationship: /_rels/.rels
[INFO ] 2024-12-22 15:09:21.717 [main] TestPincode - item filled in search
[INFO ] 2024-12-22 15:09:21.921 [main] TestPincode - search results page opened
[INFO ] 2024-12-22 15:09:26.411 [main] TestPincode - filling pincode:110017
[DEBUG] 2024-12-22 16:48:17.575 [main] PackageRelationshipCollection - Parsing relationship: /xl/_rels/workbook.xml.rels
[DEBUG] 2024-12-22 16:48:17.584 [main] PackageRelationshipCollection - Parsing relationship: /_rels/.rels
[INFO ] 2024-12-22 16:48:21.477 [main] TestPincode - item filled in search
[INFO ] 2024-12-22 16:48:21.667 [main] TestPincode - search results page opened
[INFO ] 2024-12-22 16:48:26.080 [main] TestPincode - filling pincode:110017
[DEBUG] 2024-12-22 16:48:54.928 [main] PackageRelationshipCollection - Parsing relationship: /xl/_rels/workbook.xml.rels
[DEBUG] 2024-12-22 16:48:54.933 [main] PackageRelationshipCollection - Parsing relationship: /_rels/.rels
[DEBUG] 2024-12-22 16:50:13.490 [main] PackageRelationshipCollection - Parsing relationship: /xl/_rels/workbook.xml.rels
[DEBUG] 2024-12-22 16:50:13.495 [main] PackageRelationshipCollection - Parsing relationship: /_rels/.rels
[DEBUG] 2024-12-22 16:50:41.790 [main] PackageRelationshipCollection - Parsing relationship: /xl/_rels/workbook.xml.rels
[DEBUG] 2024-12-22 16:50:41.797 [main] PackageRelationshipCollection - Parsing relationship: /_rels/.rels
[DEBUG] 2024-12-22 16:56:39.316 [main] PackageRelationshipCollection - Parsing relationship: /xl/_rels/workbook.xml.rels
[DEBUG] 2024-12-22 16:56:39.321 [main] PackageRelationshipCollection - Parsing relationship: /_rels/.rels
[DEBUG] 2024-12-22 16:57:37.619 [main] PackageRelationshipCollection - Parsing relationship: /xl/_rels/workbook.xml.rels
[DEBUG] 2024-12-22 16:57:37.619 [main] PackageRelationshipCollection - Parsing relationship: /_rels/.rels
[DEBUG] 2024-12-22 16:58:11.059 [main] PackageRelationshipCollection - Parsing relationship: /xl/_rels/workbook.xml.rels
[DEBUG] 2024-12-22 16:58:11.064 [main] PackageRelationshipCollection - Parsing relationship: /_rels/.rels
[DEBUG] 2024-12-22 16:59:22.792 [main] PackageRelationshipCollection - Parsing relationship: /xl/_rels/workbook.xml.rels
[DEBUG] 2024-12-22 16:59:22.796 [main] PackageRelationshipCollection - Parsing relationship: /_rels/.rels
[DEBUG] 2024-12-22 17:00:26.675 [main] PackageRelationshipCollection - Parsing relationship: /xl/_rels/workbook.xml.rels
[DEBUG] 2024-12-22 17:00:26.681 [main] PackageRelationshipCollection - Parsing relationship: /_rels/.rels
[DEBUG] 2024-12-22 17:03:49.568 [main] PackageRelationshipCollection - Parsing relationship: /xl/_rels/workbook.xml.rels
[DEBUG] 2024-12-22 17:03:49.571 [main] PackageRelationshipCollection - Parsing relationship: /_rels/.rels
[DEBUG] 2024-12-22 17:05:00.956 [main] PackageRelationshipCollection - Parsing relationship: /xl/_rels/workbook.xml.rels
[DEBUG] 2024-12-22 17:05:00.956 [main] PackageRelationshipCollection - Parsing relationship: /_rels/.rels
[DEBUG] 2024-12-22 17:05:33.879 [main] PackageRelationshipCollection - Parsing relationship: /xl/_rels/workbook.xml.rels
[DEBUG] 2024-12-22 17:05:33.884 [main] PackageRelationshipCollection - Parsing relationship: /_rels/.rels
[DEBUG] 2024-12-22 17:10:30.443 [main] PackageRelationshipCollection - Parsing relationship: /xl/_rels/workbook.xml.rels
[DEBUG] 2024-12-22 17:10:30.449 [main] PackageRelationshipCollection - Parsing relationship: /_rels/.rels
[DEBUG] 2024-12-22 17:13:20.705 [main] PackageRelationshipCollection - Parsing relationship: /xl/_rels/workbook.xml.rels
[DEBUG] 2024-12-22 17:13:20.711 [main] PackageRelationshipCollection - Parsing relationship: /_rels/.rels
[DEBUG] 2024-12-22 17:27:01.335 [main] PackageRelationshipCollection - Parsing relationship: /xl/_rels/workbook.xml.rels
[DEBUG] 2024-12-22 17:27:01.340 [main] PackageRelationshipCollection - Parsing relationship: /_rels/.rels
[DEBUG] 2024-12-22 17:28:37.501 [main] PackageRelationshipCollection - Parsing relationship: /xl/_rels/workbook.xml.rels
[DEBUG] 2024-12-22 17:28:37.506 [main] PackageRelationshipCollection - Parsing relationship: /_rels/.rels
[DEBUG] 2024-12-22 17:38:25.699 [main] PackageRelationshipCollection - Parsing relationship: /xl/_rels/workbook.xml.rels
[DEBUG] 2024-12-22 17:38:25.704 [main] PackageRelationshipCollection - Parsing relationship: /_rels/.rels
[DEBUG] 2024-12-22 17:40:18.217 [main] PackageRelationshipCollection - Parsing relationship: /xl/_rels/workbook.xml.rels
[DEBUG] 2024-12-22 17:40:18.222 [main] PackageRelationshipCollection - Parsing relationship: /_rels/.rels
[DEBUG] 2024-12-22 17:41:17.561 [main] PackageRelationshipCollection - Parsing relationship: /xl/_rels/workbook.xml.rels
[DEBUG] 2024-12-22 17:41:17.565 [main] PackageRelationshipCollection - Parsing relationship: /_rels/.rels
[DEBUG] 2024-12-22 17:42:43.171 [main] PackageRelationshipCollection - Parsing relationship: /xl/_rels/workbook.xml.rels
[DEBUG] 2024-12-22 17:42:43.177 [main] PackageRelationshipCollection - Parsing relationship: /_rels/.rels
[DEBUG] 2024-12-22 17:55:26.598 [main] PackageRelationshipCollection - Parsing relationship: /xl/_rels/workbook.xml.rels
[DEBUG] 2024-12-22 17:55:26.604 [main] PackageRelationshipCollection - Parsing relationship: /_rels/.rels
[DEBUG] 2024-12-22 17:55:57.496 [main] PackageRelationshipCollection - Parsing relationship: /xl/_rels/workbook.xml.rels
[DEBUG] 2024-12-22 17:55:57.506 [main] PackageRelationshipCollection - Parsing relationship: /_rels/.rels
[INFO ] 2024-12-22 17:56:00.053 [main] TestSearch - Product Details: iphone
